Arguments: 
  /Users/nikolay/.nvm/versions/node/v16.14.2/bin/node /Users/nikolay/.nvm/versions/node/v16.14.2/bin/yarn init 0y

PATH: 
  /Library/Frameworks/Python.framework/Versions/2.7/bin:/Users/nikolay/.asdf/shims:/opt/homebrew/opt/asdf/libexec/bin:/opt/homebrew/bin:/opt/homebrew/sbin:/Users/nikolay/.nvm/versions/node/v16.14.2/bin:/usr/local/opt/python/libexec/bin:/usr/local/bin:/usr/bin:/bin:/usr/sbin:/sbin:/Library/Apple/usr/bin:/Users/nikolay/Library/Android/sdk/emulator:/Users/nikolay/Library/Android/sdk/tools:/Users/nikolay/Library/Android/sdk/tools/bin:/Users/nikolay/Library/Android/sdk/platform-tools:/opt/gradle/gradle-7.4.2/bin

Yarn version: 
  1.22.18

Node version: 
  16.14.2

Platform: 
  darwin arm64

Trace: 
  Error: canceled
      at Interface.<anonymous> (/Users/nikolay/.nvm/versions/node/v16.14.2/lib/node_modules/yarn/lib/cli.js:137143:13)
      at Interface.emit (node:events:526:28)
      at Interface._ttyWrite (node:readline:1081:16)
      at ReadStream.onkeypress (node:readline:288:10)
      at ReadStream.emit (node:events:526:28)
      at emitKeys (node:internal/readline/utils:358:14)
      at emitKeys.next (<anonymous>)
      at ReadStream.onData (node:internal/readline/emitKeypressEvents:61:36)
      at ReadStream.emit (node:events:526:28)
      at addChunk (node:internal/streams/readable:315:12)

npm manifest: 
  No manifest

yarn manifest: 
  No manifest

Lockfile: 
  No lockfile
